c:\users\waail\onedrive\desktop\opengl\opengl\debug\vc141.pdb
c:\users\waail\onedrive\desktop\opengl\opengl\debug\vc141.idb
c:\users\waail\onedrive\desktop\opengl\opengl\debug\vector3d.obj
c:\users\waail\onedrive\desktop\opengl\opengl\debug\quadmesh.obj
c:\users\waail\onedrive\desktop\opengl\opengl\debug\cubemesh.obj
c:\users\waail\onedrive\desktop\opengl\opengl\debug\application.obj
c:\users\waail\onedrive\desktop\opengl\opengl\debug\source.obj
c:\users\waail\onedrive\desktop\opengl\opengl\debug\main.obj
c:\users\waail\onedrive\desktop\opengl\opengl\debug\test.obj
c:\users\waail\onedrive\desktop\opengl\debug\opengl.pdb
c:\users\waail\onedrive\desktop\opengl\opengl\debug\opengl.tlog\cl.command.1.tlog
c:\users\waail\onedrive\desktop\opengl\opengl\debug\opengl.tlog\cl.read.1.tlog
c:\users\waail\onedrive\desktop\opengl\opengl\debug\opengl.tlog\cl.write.1.tlog
c:\users\waail\onedrive\desktop\opengl\opengl\debug\opengl.tlog\link-cvtres.read.1.tlog
c:\users\waail\onedrive\desktop\opengl\opengl\debug\opengl.tlog\link-cvtres.write.1.tlog
c:\users\waail\onedrive\desktop\opengl\opengl\debug\opengl.tlog\link-rc.read.1.tlog
c:\users\waail\onedrive\desktop\opengl\opengl\debug\opengl.tlog\link-rc.write.1.tlog
c:\users\waail\onedrive\desktop\opengl\opengl\debug\opengl.tlog\link.17908-cvtres.read.1.tlog
c:\users\waail\onedrive\desktop\opengl\opengl\debug\opengl.tlog\link.17908-cvtres.write.1.tlog
c:\users\waail\onedrive\desktop\opengl\opengl\debug\opengl.tlog\link.17908-rc.read.1.tlog
c:\users\waail\onedrive\desktop\opengl\opengl\debug\opengl.tlog\link.17908-rc.write.1.tlog
c:\users\waail\onedrive\desktop\opengl\opengl\debug\opengl.tlog\link.17908.read.1.tlog
c:\users\waail\onedrive\desktop\opengl\opengl\debug\opengl.tlog\link.17908.write.1.tlog
c:\users\waail\onedrive\desktop\opengl\opengl\debug\opengl.tlog\link.command.1-laptop-uphqs9ib.tlog
c:\users\waail\onedrive\desktop\opengl\opengl\debug\opengl.tlog\link.command.1.tlog
c:\users\waail\onedrive\desktop\opengl\opengl\debug\opengl.tlog\link.read.1-laptop-uphqs9ib.tlog
c:\users\waail\onedrive\desktop\opengl\opengl\debug\opengl.tlog\link.read.1.tlog
c:\users\waail\onedrive\desktop\opengl\opengl\debug\opengl.tlog\link.write.1-laptop-uphqs9ib.tlog
c:\users\waail\onedrive\desktop\opengl\opengl\debug\opengl.tlog\link.write.1.tlog
